<?xml version="1.0" encoding="UTF-8" ?>
<testsuite errors="0" failures="0" hostname="Pepe-LAP" name="spai.egit2.test.AllEgit2Tests" tests="22" time="0.535" timestamp="2013-10-19T13:49:11">
  <properties>
    <property name="java.vendor" value="Oracle Corporation" />
    <property name="sun.java.launcher" value="SUN_STANDARD" />
    <property name="eclipse.pdebuild.templates" value="/C:/eclipse/plugins/org.eclipse.pde.build_3.8.100.v20130514-1028/templates/" />
    <property name="sun.management.compiler" value="HotSpot Client Compiler" />
    <property name="dist" value="C:\Users\Pepe!\git\EGit2-ppbust\dist" />
    <property name="ant.file.type.EGit2-ppbust" value="file" />
    <property name="os.name" value="Windows 7" />
    <property name="sun.boot.class.path" value="C:\Program Files\Java\jre7\lib\resources.jar;C:\Program Files\Java\jre7\lib\rt.jar;C:\Program Files\Java\jre7\lib\sunrsasign.jar;C:\Program Files\Java\jre7\lib\jsse.jar;C:\Program Files\Java\jre7\lib\jce.jar;C:\Program Files\Java\jre7\lib\charsets.jar;C:\Program Files\Java\jre7\lib\jfr.jar;C:\Program Files\Java\jre7\classes" />
    <property name="sun.desktop" value="windows" />
    <property name="java.vm.specification.vendor" value="Oracle Corporation" />
    <property name="ant.home" value="C:\eclipse\plugins\org.apache.ant_1.8.4.v201303080030" />
    <property name="java.runtime.version" value="1.7.0_40-b43" />
    <property name="ant.file.EGit2-ppbust" value="C:\Users\Pepe!\git\EGit2-ppbust\build.xml" />
    <property name="user.name" value="Pepe!" />
    <property name="user.language" value="es" />
    <property name="build" value="C:\Users\Pepe!\git\EGit2-ppbust\build" />
    <property name="sun.boot.library.path" value="C:\Program Files\Java\jre7\bin" />
    <property name="ant.project.default-target" value="main" />
    <property name="ant.project.name" value="EGit2-ppbust" />
    <property name="java.version" value="1.7.0_40" />
    <property name="version" value="1.0.0" />
    <property name="user.timezone" value="" />
    <property name="sun.arch.data.model" value="32" />
    <property name="java.endorsed.dirs" value="C:\Program Files\Java\jre7\lib\endorsed" />
    <property name="sun.cpu.isalist" value="pentium_pro+mmx pentium_pro pentium+mmx pentium i486 i386 i86" />
    <property name="sun.jnu.encoding" value="Cp1252" />
    <property name="file.encoding.pkg" value="sun.io" />
    <property name="file.separator" value="\" />
    <property name="java.specification.name" value="Java Platform API Specification" />
    <property name="java.class.version" value="51.0" />
    <property name="src" value="C:\Users\Pepe!\git\EGit2-ppbust\src" />
    <property name="user.country" value="MX" />
    <property name="java.home" value="C:\Program Files\Java\jre7" />
    <property name="java.vm.info" value="mixed mode, sharing" />
    <property name="ant.file" value="C:\Users\Pepe!\git\EGit2-ppbust\build.xml" />
    <property name="os.version" value="6.1" />
    <property name="path.separator" value=";" />
    <property name="java.vm.version" value="24.0-b56" />
    <property name="user.variant" value="" />
    <property name="ant.library.dir" value="C:\eclipse\plugins\org.apache.ant_1.8.4.v201303080030\lib" />
    <property name="java.awt.printerjob" value="sun.awt.windows.WPrinterJob" />
    <property name="sun.io.unicode.encoding" value="UnicodeLittle" />
    <property name="awt.toolkit" value="sun.awt.windows.WToolkit" />
    <property name="user.script" value="" />
    <property name="eclipse.pdebuild.scripts" value="/C:/eclipse/plugins/org.eclipse.pde.build_3.8.100.v20130514-1028/scripts/" />
    <property name="user.home" value="C:\Users\Pepe!" />
    <property name="java.specification.vendor" value="Oracle Corporation" />
    <property name="test" value="C:\Users\Pepe!\git\EGit2-ppbust\test" />
    <property name="java.library.path" value="C:\Program Files\Java\jre7\bin;C:\Windows\Sun\Java\bin;C:\Windows\system32;C:\Windows;C:/Program Files/Java/jre7/bin/client;C:/Program Files/Java/jre7/bin;C:/Program Files/Java/jre7/lib/i386;C:\Windows\system32;C:\Windows;C:\Windows\System32\Wbem;C:\Windows\System32\WindowsPowerShell\v1.0\;C:\Program Files\Java\jdk1.7.0_40\bin;;C:\eclipse;;." />
    <property name="name" value="EGit2-ppbust" />
    <property name="java.vendor.url" value="http://java.oracle.com/" />
    <property name="java.vm.vendor" value="Oracle Corporation" />
    <property name="java.runtime.name" value="Java(TM) SE Runtime Environment" />
    <property name="sun.java.command" value="org.apache.tools.ant.taskdefs.optional.junit.JUnitTestRunner spai.egit2.test.AllEgit2Tests filtertrace=true haltOnError=false haltOnFailure=true formatter=org.apache.tools.ant.taskdefs.optional.junit.SummaryJUnitResultFormatter showoutput=false outputtoformatters=true logfailedtests=true logtestlistenerevents=false formatter=org.apache.tools.ant.taskdefs.optional.junit.XMLJUnitResultFormatter,C:\Users\Pepe!\git\EGit2-ppbust\testReport\TEST-spai.egit2.test.AllEgit2Tests.xml crashfile=C:\Users\Pepe!\git\EGit2-ppbust\junitvmwatcher1976784710714017723.properties propsfile=C:\Users\Pepe!\git\EGit2-ppbust\junit456188936642876823.properties" />
    <property name="java.class.path" value="C:\Users\Pepe!\git\EGit2-ppbust\build\main;C:\Users\Pepe!\git\EGit2-ppbust\build\test;C:\Users\Pepe!\git\EGit2-ppbust\lib\junit-4.10.jar;C:\Users\Pepe!\git\EGit2-ppbust;C:\Program Files\Java\jdk1.7.0_40\src.zip;C:\Program Files\Java\jdk1.7.0_40\lib\tools.jar;C:\Program Files\Java\jdk1.7.0_40\lib\io.jar;C:\eclipse\plugins\org.apache.ant_1.8.4.v201303080030\lib\ant-launcher.jar;C:\eclipse\plugins\org.apache.ant_1.8.4.v201303080030\lib\ant.jar;C:\eclipse\plugins\org.apache.ant_1.8.4.v201303080030\lib\ant-junit.jar;C:\eclipse\plugins\org.apache.ant_1.8.4.v201303080030\lib\ant-junit4.jar" />
    <property name="ant.version" value="Apache Ant(TM) version 1.8.4 compiled on May 22 2012" />
    <property name="java.vm.specification.name" value="Java Virtual Machine Specification" />
    <property name="java.vm.specification.version" value="1.7" />
    <property name="sun.cpu.endian" value="little" />
    <property name="sun.os.patch.level" value="" />
    <property name="eclipse.pdebuild.home" value="/C:/eclipse/plugins/org.eclipse.pde.build_3.8.100.v20130514-1028/./" />
    <property name="java.io.tmpdir" value="C:\Users\Pepe!\AppData\Local\Temp\" />
    <property name="java.vendor.url.bug" value="http://bugreport.sun.com/bugreport/" />
    <property name="testReport" value="C:\Users\Pepe!\git\EGit2-ppbust\testReport" />
    <property name="os.arch" value="x86" />
    <property name="java.awt.graphicsenv" value="sun.awt.Win32GraphicsEnvironment" />
    <property name="java.ext.dirs" value="C:\Program Files\Java\jre7\lib\ext;C:\Windows\Sun\Java\lib\ext" />
    <property name="user.dir" value="C:\Users\Pepe!\git\EGit2-ppbust" />
    <property name="line.separator" value="&#xd;&#xa;" />
    <property name="java.vm.name" value="Java HotSpot(TM) Client VM" />
    <property name="basedir" value="C:\Users\Pepe!\git\EGit2-ppbust" />
    <property name="ant.java.version" value="1.7" />
    <property name="ant.core.lib" value="C:\eclipse\plugins\org.apache.ant_1.8.4.v201303080030\lib\ant.jar" />
    <property name="file.encoding" value="Cp1252" />
    <property name="java.specification.version" value="1.7" />
    <property name="ant.project.invoked-targets" value="main" />
    <property name="junit" value="C:\Users\Pepe!\git\EGit2-ppbust\lib\junit-4.10.jar" />
  </properties>
  <testcase classname="spai.egit2.test.ColeccionDecimalesTest" name="testSuma" time="0.01" />
  <testcase classname="spai.egit2.test.ColeccionDecimalesTest" name="testMayor" time="0.001" />
  <testcase classname="spai.egit2.test.ColeccionDecimalesTest" name="testPromedio" time="0.001" />
  <testcase classname="spai.egit2.test.NumeroEnteroTest" name="testNumValido" time="0.0" />
  <testcase classname="spai.egit2.test.NumeroEnteroTest" name="testDoblar" time="0.0" />
  <testcase classname="spai.egit2.test.NumeroEnteroTest" name="testConstructorSinParametros" time="0.0" />
  <testcase classname="spai.egit2.test.NumeroEnteroTest" name="testConstructorConParametros" time="0.0" />
  <testcase classname="spai.egit2.test.NumeroEnteroTest" name="testDecrementar" time="0.001" />
  <testcase classname="spai.egit2.test.NumeroEnteroTest" name="testIncrementar" time="0.0" />
  <testcase classname="spai.egit2.test.PersonaTest" name="testGetNombre" time="0.001" />
  <testcase classname="spai.egit2.test.PersonaTest" name="testSetNombre" time="0.0" />
  <testcase classname="spai.egit2.test.PersonaTest" name="testInicial" time="0.001" />
  <testcase classname="spai.egit2.test.PersonaTest" name="testGetApellido" time="0.001" />
  <testcase classname="spai.egit2.test.PersonaTest" name="testSetApellido" time="0.0" />
  <testcase classname="spai.egit2.test.PersonaTest" name="testNombreCompleto" time="0.0" />
  <testcase classname="spai.egit2.test.PersonaTest" name="testNombreMayusculas" time="0.001" />
  <testcase classname="spai.egit2.test.FraccionTest" name="testDecimal" time="0.0" />
  <testcase classname="spai.egit2.test.FraccionTest" name="testComparar" time="0.001" />
  <testcase classname="spai.egit2.test.FraccionTest" name="testConstructorSinParametros" time="0.001" />
  <testcase classname="spai.egit2.test.FraccionTest" name="testcontructorIntInt" time="0.0" />
  <testcase classname="spai.egit2.test.FraccionTest" name="testSetNumerador" time="0.0" />
  <testcase classname="spai.egit2.test.FraccionTest" name="testSetDenominador" time="0.0" />
  <system-out><![CDATA[]]></system-out>
  <system-err><![CDATA[]]></system-err>
</testsuite>
